library/build/intermediates/manifest_merge_blame_file/debug/manifest-merger-blame-debug-report.txt
1<?xml version="1.0" encoding="utf-8"?>
2<manifest xmlns:android="http://schemas.android.com/apk/res/android"
3    package="com.cgogolin.library"
4    android:versionCode="1"
5    android:versionName="1.0" >
6
7    <uses-sdk
7-->src/main/AndroidManifest.xml:8:3-72
8        android:minSdkVersion="14"
8-->src/main/AndroidManifest.xml:8:13-39
9        android:targetSdkVersion="26" />
9-->src/main/AndroidManifest.xml:8:40-69
10
11    <uses-permission android:name="android.permission.READ_EXTERNAL_STORAGE" />
11-->src/main/AndroidManifest.xml:6:3-78
11-->src/main/AndroidManifest.xml:6:20-75
12    <uses-permission android:name="android.permission.WRITE_EXTERNAL_STORAGE" />
12-->src/main/AndroidManifest.xml:7:3-79
12-->src/main/AndroidManifest.xml:7:20-76
13
14    <supports-screens
14-->src/main/AndroidManifest.xml:9:3-13:35
15        android:anyDensity="true"
15-->src/main/AndroidManifest.xml:13:7-32
16        android:largeScreens="true"
16-->src/main/AndroidManifest.xml:12:7-34
17        android:normalScreens="true"
17-->src/main/AndroidManifest.xml:11:7-35
18        android:smallScreens="true" />
18-->src/main/AndroidManifest.xml:10:7-34
19
20    <application
20-->src/main/AndroidManifest.xml:14:3-45:19
21        android:appComponentFactory="androidx.core.app.CoreComponentFactory"
21-->[androidx.core:core:1.3.0] AndroidManifest.xml:24:18-86
22        android:debuggable="true"
23        android:icon="@mipmap/ic_launcher"
23-->src/main/AndroidManifest.xml:16:2-36
24        android:label="@string/app_name"
24-->src/main/AndroidManifest.xml:15:2-34
25        android:theme="@style/LibraryTheme" >
25-->src/main/AndroidManifest.xml:17:2-37
26        <activity
26-->src/main/AndroidManifest.xml:19:9-32:20
27            android:name="com.cgogolin.library.Library"
27-->src/main/AndroidManifest.xml:19:19-41
28            android:label="@string/app_name"
28-->src/main/AndroidManifest.xml:20:19-51
29            android:launchMode="singleTop"
29-->src/main/AndroidManifest.xml:21:5-35
30            android:windowSoftInputMode="adjustResize" >
30-->src/main/AndroidManifest.xml:22:5-47
31            <intent-filter>
31-->src/main/AndroidManifest.xml:24:13-28:29
32                <action android:name="android.intent.action.MAIN" />
32-->src/main/AndroidManifest.xml:25:17-69
32-->src/main/AndroidManifest.xml:25:25-66
33
34                <category android:name="android.intent.category.LAUNCHER" />
34-->src/main/AndroidManifest.xml:26:17-77
34-->src/main/AndroidManifest.xml:26:27-74
35
36                <action android:name="android.intent.action.SEARCH" />
36-->src/main/AndroidManifest.xml:27:3-57
36-->src/main/AndroidManifest.xml:27:11-54
37            </intent-filter>
38
39            <meta-data
39-->src/main/AndroidManifest.xml:29:6-31:11
40                android:name="android.app.searchable"
40-->src/main/AndroidManifest.xml:29:17-54
41                android:resource="@xml/searchable" />
41-->src/main/AndroidManifest.xml:30:10-44
42        </activity>
43
44        <provider
44-->src/main/AndroidManifest.xml:33:2-41:20
45            android:name="android.support.v4.content.FileProvider"
45-->src/main/AndroidManifest.xml:34:13-67
46            android:authorities="com.cgogolin.library.fileprovider"
46-->src/main/AndroidManifest.xml:35:13-68
47            android:exported="false"
47-->src/main/AndroidManifest.xml:36:13-37
48            android:grantUriPermissions="true" >
48-->src/main/AndroidManifest.xml:37:13-47
49            <meta-data
49-->src/main/AndroidManifest.xml:38:13-40:57
50                android:name="android.support.FILE_PROVIDER_PATHS"
50-->src/main/AndroidManifest.xml:39:17-67
51                android:resource="@xml/provider_paths" />
51-->src/main/AndroidManifest.xml:40:17-55
52        </provider>
53
54        <meta-data
54-->src/main/AndroidManifest.xml:42:2-87
55            android:name="com.sec.android.support.multiwindow"
55-->src/main/AndroidManifest.xml:42:13-63
56            android:value="true" />
56-->src/main/AndroidManifest.xml:42:64-84
57        <meta-data
57-->src/main/AndroidManifest.xml:43:2-70
58            android:name="android.max_aspect"
58-->src/main/AndroidManifest.xml:43:13-46
59            android:value="10.0" />
59-->src/main/AndroidManifest.xml:43:47-67
60
61        <activity android:name="com.cgogolin.library.GroupsActivity" />
61-->src/main/AndroidManifest.xml:44:5-47
61-->src/main/AndroidManifest.xml:44:15-45
62    </application>
63
64</manifest>